<?xml version="1.0" encoding="UTF-8"?>
<!-- Generated by org.testng.reporters.JUnitReportReporter -->
<testsuite hostname="Juless-MacBook-Pro.local" name="com.owlpad.ui.repository.SearchRepositoryTest" tests="1" failures="0" timestamp="8 Aug 2014 20:16:34 GMT" time="0.007" errors="0">
  <testcase name="testNonnullSearchService" time="0.007" classname="com.owlpad.ui.repository.SearchRepositoryTest"/>
</testsuite> <!-- com.owlpad.ui.repository.SearchRepositoryTest -->
