<?xml version="1.0" encoding="UTF-8"?>
<!-- Generated by org.testng.reporters.JUnitReportReporter -->
<testsuite hostname="Juless-MacBook-Pro.local" name="com.owlpad.ui.repository.IndexRepositoryTest" tests="1" failures="0" timestamp="8 Aug 2014 20:12:24 GMT" time="0.005" errors="0">
  <testcase name="testNonnullService" time="0.005" classname="com.owlpad.ui.repository.IndexRepositoryTest"/>
</testsuite> <!-- com.owlpad.ui.repository.IndexRepositoryTest -->
