<?xml version="1.0" encoding="UTF-8"?>
<!-- Generated by org.testng.reporters.JUnitReportReporter -->
<testsuite hostname="Juless-MacBook-Pro.local" name="com.owlpad.service.elasticsearch.client.NodeClientFactoryBeanTest" tests="1" failures="0" timestamp="8 Aug 2014 20:26:40 GMT" time="0.005" errors="0">
  <testcase name="testNonnullNodeClientFactoryBean" time="0.005" classname="com.owlpad.service.elasticsearch.client.NodeClientFactoryBeanTest"/>
</testsuite> <!-- com.owlpad.service.elasticsearch.client.NodeClientFactoryBeanTest -->
