<?xml version="1.0" encoding="UTF-8"?>
<!-- Generated by org.testng.reporters.JUnitReportReporter -->
<testsuite hostname="Juless-MacBook-Pro.local" name="com.owlpad.service.impl.index.IndexServiceImplTest" tests="1" failures="0" timestamp="8 Aug 2014 20:33:38 GMT" time="0.008" errors="0">
  <testcase name="testNonnullService" time="0.008" classname="com.owlpad.service.impl.index.IndexServiceImplTest"/>
</testsuite> <!-- com.owlpad.service.impl.index.IndexServiceImplTest -->
