<?xml version="1.0" encoding="UTF-8"?>
<!-- Generated by org.testng.reporters.JUnitReportReporter -->
<testsuite hostname="Juless-MacBook-Pro.local" name="com.owlpad.service.impl.index.ESIndexServiceImplTest" tests="1" failures="0" timestamp="8 Aug 2014 20:31:48 GMT" time="0.010" errors="0">
  <testcase name="testNonnullService" time="0.010" classname="com.owlpad.service.impl.index.ESIndexServiceImplTest"/>
</testsuite> <!-- com.owlpad.service.impl.index.ESIndexServiceImplTest -->
