<?xml version="1.0" encoding="UTF-8"?>
<!-- Generated by org.testng.reporters.JUnitReportReporter -->
<testsuite hostname="Juless-MacBook-Pro.local" name="com.owlpad.service.impl.search.ESSearchServiceImplTest" tests="1" failures="0" timestamp="8 Aug 2014 20:35:19 GMT" time="0.007" errors="0">
  <testcase name="testNonnullService" time="0.007" classname="com.owlpad.service.impl.search.ESSearchServiceImplTest"/>
</testsuite> <!-- com.owlpad.service.impl.search.ESSearchServiceImplTest -->
